<?xml version="1.0" encoding="UTF-8" ?>
<testsuite tests="1" failures="1" name="TestSuite" time="68.945" errors="0" skipped="0">
  <properties>
[...]
</properties>
  <testcase classname="test_classes.TestProvideFeedBack" name="setup" time="68.945">
    <failure message="Element is not displayed (WARNING: The server did not provide any stacktrace information)
Command duration or timeout: 86 milliseconds
Build info: version: &apos;3.1.0&apos;, revision: &apos;b94c902&apos;, time: &apos;2017-02-16 12:21:31 -0800&apos;
System info: host: &apos;POSORIO00879&apos;, ip: &apos;10.33.183.61&apos;, os.name: &apos;Windows 7&apos;, os.arch: &apos;amd64&apos;, os.version: &apos;6.1&apos;, java.version: &apos;1.8.0_121&apos;
Driver info: org.openqa.selenium.ie.InternetExplorerDriver
Capabilities [{browserAttachTimeout=0, ie.enableFullPageScreenshot=true, enablePersistentHover=false, ie.forceCreateProcessApi=false, ie.forceShellWindowsApi=false, pageLoadStrategy=normal, ignoreZoomSetting=true, ie.fileUploadDialogTimeout=3000, version=11, platform=WINDOWS, nativeEvents=false, ie.ensureCleanSession=true, elementScrollBehavior=0, ie.browserCommandLineSwitches=, requireWindowFocus=false, browserName=internet explorer, initialBrowserUrl=http://13.68.247.161:3030/#/dashboard, javascriptEnabled=true, ignoreProtectedModeSettings=true, enableElementCacheCleanup=true, unexpectedAlertBehaviour=dismiss}]
Session ID: b9a2c110-521b-4d28-88d8-877fb4129d3f" type="org.openqa.selenium.ElementNotVisibleException">org.openqa.selenium.ElementNotVisibleException: Element is not displayed (WARNING: The server did not provide any stacktrace information)
Command duration or timeout: 86 milliseconds
Build info: version: &apos;3.1.0&apos;, revision: &apos;b94c902&apos;, time: &apos;2017-02-16 12:21:31 -0800&apos;
System info: host: &apos;POSORIO00879&apos;, ip: &apos;10.33.183.61&apos;, os.name: &apos;Windows 7&apos;, os.arch: &apos;amd64&apos;, os.version: &apos;6.1&apos;, java.version: &apos;1.8.0_121&apos;
Driver info: org.openqa.selenium.ie.InternetExplorerDriver
Capabilities [{browserAttachTimeout=0, ie.enableFullPageScreenshot=true, enablePersistentHover=false, ie.forceCreateProcessApi=false, ie.forceShellWindowsApi=false, pageLoadStrategy=normal, ignoreZoomSetting=true, ie.fileUploadDialogTimeout=3000, version=11, platform=WINDOWS, nativeEvents=false, ie.ensureCleanSession=true, elementScrollBehavior=0, ie.browserCommandLineSwitches=, requireWindowFocus=false, browserName=internet explorer, initialBrowserUrl=http://13.68.247.161:3030/#/dashboard, javascriptEnabled=true, ignoreProtectedModeSettings=true, enableElementCacheCleanup=true, unexpectedAlertBehaviour=dismiss}]
Session ID: b9a2c110-521b-4d28-88d8-877fb4129d3f
	at sun.reflect.NativeConstructorAccessorImpl.newInstance0(Native Method)
	at sun.reflect.NativeConstructorAccessorImpl.newInstance(NativeConstructorAccessorImpl.java:62)
	at sun.reflect.DelegatingConstructorAccessorImpl.newInstance(DelegatingConstructorAccessorImpl.java:45)
	at java.lang.reflect.Constructor.newInstance(Constructor.java:423)
	at org.openqa.selenium.remote.ErrorHandler.createThrowable(ErrorHandler.java:216)
	at org.openqa.selenium.remote.ErrorHandler.throwIfResponseFailed(ErrorHandler.java:168)
	at org.openqa.selenium.remote.RemoteWebDriver.execute(RemoteWebDriver.java:635)
	at org.openqa.selenium.remote.RemoteWebElement.execute(RemoteWebElement.java:274)
	at org.openqa.selenium.remote.RemoteWebElement.click(RemoteWebElement.java:84)
	at sun.reflect.NativeMethodAccessorImpl.invoke0(Native Method)
	at sun.reflect.NativeMethodAccessorImpl.invoke(NativeMethodAccessorImpl.java:62)
	at sun.reflect.DelegatingMethodAccessorImpl.invoke(DelegatingMethodAccessorImpl.java:43)
	at java.lang.reflect.Method.invoke(Method.java:498)
	at org.openqa.selenium.support.pagefactory.internal.LocatingElementHandler.invoke(LocatingElementHandler.java:51)
	at com.sun.proxy.$Proxy3.click(Unknown Source)
	at pf_object_repository.SubmitFeedbackElements.ClickCloseBTN(SubmitFeedbackElements.java:184)
	at pf_or_modules.SubmitFeedBackForms.SubmitFeedBack1(SubmitFeedBackForms.java:20)
	at library_classes.SetCrossBrowsers.IEInstance(SetCrossBrowsers.java:79)
	at test_classes.TestProvideFeedBack.setup(TestProvideFeedBack.java:41)
</failure>
    <system-out>Chrome	my strcontent =01Chrome
SetMethods.readChromeDriver()	my strcontent =11SetMethods.readChromeDriver()
ChromeDriver()	my strcontent =21ChromeDriver()
C:\\Program Files (x86)\\Google\\Chrome\\Application\\chromedriver.exe	my strcontent =31C:\\Program Files (x86)\\Google\\Chrome\\Application\\chromedriver.exe
	my strcontent =41
http://13.68.247.161:3030/#/dashboard	my strcontent =51http://13.68.247.161:3030/#/dashboard

FFX	my strcontent =02FFX
SetMethods.readExcelGeckoPath()	my strcontent =12SetMethods.readExcelGeckoPath()
FirefoxDriver(ffBinary,firefoxProfile)	my strcontent =22FirefoxDriver(ffBinary,firefoxProfile)
C:\\users\\posorio008\\AppData\\Local\\Mozilla Firefox\\firefox.exe	my strcontent =32C:\\users\\posorio008\\AppData\\Local\\Mozilla Firefox\\firefox.exe
C:\\Users\\posorio008\\AppData\\Local\\GeckoDriver\\geckodriver.exe	my strcontent =42C:\\Users\\posorio008\\AppData\\Local\\GeckoDriver\\geckodriver.exe
http://13.68.247.161:3030/#/dashboard	my strcontent =52http://13.68.247.161:3030/#/dashboard

IE	my strcontent =03IE
this is my IE info: null 3 0 C:\Paul\Automation\TMLA_Settings.xls
am here! under IEInstance 3  0 C:\Paul\Automation\TMLA_Settings.xls
IE path: C:\\Program Files (x86)\\Internet Explorer\\IEDriverServer.exe
My column URL value: http://13.68.247.161:3030/#/dashboard
</system-out>
    <system-err>Started InternetExplorerDriver server (64-bit)
3.1.0.0
Listening on port 30003
Only local connections are allowed
log4j:WARN No appenders could be found for logger (org.apache.http.client.protocol.RequestAddCookies).
log4j:WARN Please initialize the log4j system properly.
Apr 04, 2017 11:58:54 AM org.openqa.selenium.remote.ProtocolHandshake createSession
INFO: Detected dialect: OSS
</system-err>
  </testcase>
</testsuite>