<?xml version="1.0" encoding="UTF-8"?>
<testng-results skipped="0" failed="0" total="1" passed="1">
  <reporter-output>
  </reporter-output>
  <suite name="Suite" duration-ms="118949" started-at="2017-04-04T17:07:33Z" finished-at="2017-04-04T17:09:32Z">
    <groups>
    </groups>
    <test name="Test" duration-ms="118949" started-at="2017-04-04T17:07:33Z" finished-at="2017-04-04T17:09:32Z">
      <class name="test_classes.TestProvideFeedBack">
        <test-method status="PASS" signature="setup()[pri:0, instance:test_classes.TestProvideFeedBack@3b81a1bc]" name="setup" duration-ms="118937" started-at="2017-04-04T13:07:33Z" finished-at="2017-04-04T13:09:32Z">
          <reporter-output>
          </reporter-output>
        </test-method> <!-- setup -->
      </class> <!-- test_classes.TestProvideFeedBack -->
    </test> <!-- Test -->
  </suite> <!-- Suite -->
</testng-results>
