<?xml version="1.0" encoding="UTF-8"?>
<!-- Generated by org.testng.reporters.JUnitXMLReporter -->
<testsuite hostname="POSORIO00879" name="Test" tests="1" failures="1" timestamp="4 Apr 2017 15:59:50 GMT" time="68.962" errors="0">
  <testcase name="setup" time="68.941" classname="test_classes.TestProvideFeedBack">
    <failure type="org.openqa.selenium.ElementNotVisibleException" message="Element is not displayed (WARNING: The server did not provide any stacktrace information)
Command duration or timeout: 86 milliseconds
Build info: version: &amp;apos;3.1.0&amp;apos;, revision: &amp;apos;b94c902&amp;apos;, time: &amp;apos;2017-02-16 12:21:31 -0800&amp;apos;
System info: host: &amp;apos;POSORIO00879&amp;apos;, ip: &amp;apos;10.33.183.61&amp;apos;, os.name: &amp;apos;Windows 7&amp;apos;, os.arch: &amp;apos;amd64&amp;apos;, os.version: &amp;apos;6.1&amp;apos;, java.version: &amp;apos;1.8.0_121&amp;apos;
Driver info: org.openqa.selenium.ie.InternetExplorerDriver
Capabilities [{browserAttachTimeout=0, ie.enableFullPageScreenshot=true, enablePersistentHover=false, ie.forceCreateProcessApi=false, ie.forceShellWindowsApi=false, pageLoadStrategy=normal, ignoreZoomSetting=true, ie.fileUploadDialogTimeout=3000, version=11, platform=WINDOWS, nativeEvents=false, ie.ensureCleanSession=true, elementScrollBehavior=0, ie.browserCommandLineSwitches=, requireWindowFocus=false, browserName=internet explorer, initialBrowserUrl=http://13.68.247.161:3030/#/dashboard, javascriptEnabled=true, ignoreProtectedModeSettings=true, enableElementCacheCleanup=true, unexpectedAlertBehaviour=dismiss}]
Session ID: b9a2c110-521b-4d28-88d8-877fb4129d3f">
      <![CDATA[org.openqa.selenium.ElementNotVisibleException: Element is not displayed (WARNING: The server did not provide any stacktrace information)
Command duration or timeout: 86 milliseconds
Build info: version: '3.1.0', revision: 'b94c902', time: '2017-02-16 12:21:31 -0800'
System info: host: 'POSORIO00879', ip: '10.33.183.61', os.name: 'Windows 7', os.arch: 'amd64', os.version: '6.1', java.version: '1.8.0_121'
Driver info: org.openqa.selenium.ie.InternetExplorerDriver
Capabilities [{browserAttachTimeout=0, ie.enableFullPageScreenshot=true, enablePersistentHover=false, ie.forceCreateProcessApi=false, ie.forceShellWindowsApi=false, pageLoadStrategy=normal, ignoreZoomSetting=true, ie.fileUploadDialogTimeout=3000, version=11, platform=WINDOWS, nativeEvents=false, ie.ensureCleanSession=true, elementScrollBehavior=0, ie.browserCommandLineSwitches=, requireWindowFocus=false, browserName=internet explorer, initialBrowserUrl=http://13.68.247.161:3030/#/dashboard, javascriptEnabled=true, ignoreProtectedModeSettings=true, enableElementCacheCleanup=true, unexpectedAlertBehaviour=dismiss}]
Session ID: b9a2c110-521b-4d28-88d8-877fb4129d3f
	at org.openqa.selenium.remote.ErrorHandler.createThrowable(ErrorHandler.java:216)
	at org.openqa.selenium.remote.ErrorHandler.throwIfResponseFailed(ErrorHandler.java:168)
	at org.openqa.selenium.remote.RemoteWebDriver.execute(RemoteWebDriver.java:635)
	at org.openqa.selenium.remote.RemoteWebElement.execute(RemoteWebElement.java:274)
	at org.openqa.selenium.remote.RemoteWebElement.click(RemoteWebElement.java:84)
	at org.openqa.selenium.support.pagefactory.internal.LocatingElementHandler.invoke(LocatingElementHandler.java:51)
	at com.sun.proxy.$Proxy3.click(Unknown Source)
	at pf_object_repository.SubmitFeedbackElements.ClickCloseBTN(SubmitFeedbackElements.java:184)
	at pf_or_modules.SubmitFeedBackForms.SubmitFeedBack1(SubmitFeedBackForms.java:20)
	at library_classes.SetCrossBrowsers.IEInstance(SetCrossBrowsers.java:79)
	at test_classes.TestProvideFeedBack.setup(TestProvideFeedBack.java:41)
	at org.apache.maven.surefire.testng.TestNGExecutor.run(TestNGExecutor.java:177)
	at org.apache.maven.surefire.testng.TestNGXmlTestSuite.execute(TestNGXmlTestSuite.java:92)
	at org.apache.maven.surefire.testng.TestNGProvider.invoke(TestNGProvider.java:105)
	at org.apache.maven.surefire.util.ReflectionUtils.invokeMethodWithArray(ReflectionUtils.java:189)
	at org.apache.maven.surefire.booter.ProviderFactory$ProviderProxy.invoke(ProviderFactory.java:165)
	at org.apache.maven.surefire.booter.ProviderFactory.invokeProvider(ProviderFactory.java:85)
	at org.apache.maven.surefire.booter.ForkedBooter.runSuitesInProcess(ForkedBooter.java:103)
	at org.apache.maven.surefire.booter.ForkedBooter.main(ForkedBooter.java:74)
... Removed 33 stack frames]]>
    </failure>
  </testcase> <!-- setup -->
</testsuite> <!-- Test -->
